# JRE version: OpenJDK Runtime Environment Temurin-21.0.8+9 (21.0.8+9) (build 21.0.8+9-LTS)
# Java VM: OpenJDK 64-Bit Server VM Temurin-21.0.8+9 (21.0.8+9-LTS, mixed mode, sharing, tiered, compressed oops, compressed class ptrs, parallel gc, windows-amd64)
GC Precious Log:
 CardTable entry size: 512
 CPUs: 12 total, 12 available
 Memory: 32635M
 Large Page Support: Disabled
 NUMA Support: Disabled
 Compressed Oops: Enabled (32-bit)
 Alignments: Space 512K, Generation 512K, Heap 2M
 Heap Min Capacity: 100M
 Heap Initial Capacity: 100M
 Heap Max Capacity: 2G
 Pre-touch: Disabled
 Parallel Workers: 10
Heap:
 PSYoungGen      total 9216K, used 6825K [0x00000000d5580000, 0x00000000d6380000, 0x0000000100000000)
  eden space 8704K, 76% used [0x00000000d5580000,0x00000000d5bfa508,0x00000000d5e00000)
  from space 512K, 37% used [0x00000000d6280000,0x00000000d62b0000,0x00000000d6300000)
  to   space 512K, 0% used [0x00000000d6300000,0x00000000d6300000,0x00000000d6380000)
 ParOldGen       total 1177088K, used 571642K [0x0000000080000000, 0x00000000c7d80000, 0x00000000d5580000)
  object space 1177088K, 48% used [0x0000000080000000,0x00000000a2e3e988,0x00000000c7d80000)
 Metaspace       used 99651K, committed 101760K, reserved 1179648K
  class space    used 11840K, committed 12800K, reserved 1048576K
GC Heap History (20 events):
Event: 5031.529 GC heap before
{Heap before GC invocations=2298 (full 4):
 PSYoungGen      total 9216K, used 8960K [0x00000000d5580000, 0x00000000d6380000, 0x0000000100000000)
  eden space 8704K, 100% used [0x00000000d5580000,0x00000000d5e00000,0x00000000d5e00000)
  from space 512K, 50% used [0x00000000d6280000,0x00000000d62c0000,0x00000000d6300000)
  to   space 512K, 0% used [0x00000000d6300000,0x00000000d6300000,0x00000000d6380000)
 ParOldGen       total 1177088K, used 571226K [0x0000000080000000, 0x00000000c7d80000, 0x00000000d5580000)
  object space 1177088K, 48% used [0x0000000080000000,0x00000000a2dd6988,0x00000000c7d80000)
 Metaspace       used 99494K, committed 101568K, reserved 1179648K
  class space    used 11837K, committed 12800K, reserved 1048576K
}
Event: 5031.530 GC heap after
{Heap after GC invocations=2298 (full 4):
 PSYoungGen      total 9216K, used 288K [0x00000000d5580000, 0x00000000d6380000, 0x0000000100000000)
  eden space 8704K, 0% used [0x00000000d5580000,0x00000000d5580000,0x00000000d5e00000)
  from space 512K, 56% used [0x00000000d6300000,0x00000000d6348000,0x00000000d6380000)
  to   space 512K, 0% used [0x00000000d6280000,0x00000000d6280000,0x00000000d6300000)
 ParOldGen       total 1177088K, used 571306K [0x0000000080000000, 0x00000000c7d80000, 0x00000000d5580000)
  object space 1177088K, 48% used [0x0000000080000000,0x00000000a2dea988,0x00000000c7d80000)
 Metaspace       used 99494K, committed 101568K, reserved 1179648K
  class space    used 11837K, committed 12800K, reserved 1048576K
}
Event: 5297.078 GC heap before
{Heap before GC invocations=2299 (full 4):
 PSYoungGen      total 9216K, used 8992K [0x00000000d5580000, 0x00000000d6380000, 0x0000000100000000)
  eden space 8704K, 100% used [0x00000000d5580000,0x00000000d5e00000,0x00000000d5e00000)
  from space 512K, 56% used [0x00000000d6300000,0x00000000d6348000,0x00000000d6380000)
  to   space 512K, 0% used [0x00000000d6280000,0x00000000d6280000,0x00000000d6300000)
 ParOldGen       total 1177088K, used 571306K [0x0000000080000000, 0x00000000c7d80000, 0x00000000d5580000)
  object space 1177088K, 48% used [0x0000000080000000,0x00000000a2dea988,0x00000000c7d80000)
 Metaspace       used 99517K, committed 101568K, reserved 1179648K
  class space    used 11837K, committed 12800K, reserved 1048576K
}
Event: 5297.080 GC heap after
{Heap after GC invocations=2299 (full 4):
 PSYoungGen      total 9216K, used 320K [0x00000000d5580000, 0x00000000d6380000, 0x0000000100000000)
  eden space 8704K, 0% used [0x00000000d5580000,0x00000000d5580000,0x00000000d5e00000)
  from space 512K, 62% used [0x00000000d6280000,0x00000000d62d0000,0x00000000d6300000)
  to   space 512K, 0% used [0x00000000d6300000,0x00000000d6300000,0x00000000d6380000)
 ParOldGen       total 1177088K, used 571386K [0x0000000080000000, 0x00000000c7d80000, 0x00000000d5580000)
  object space 1177088K, 48% used [0x0000000080000000,0x00000000a2dfe988,0x00000000c7d80000)
 Metaspace       used 99517K, committed 101568K, reserved 1179648K
  class space    used 11837K, committed 12800K, reserved 1048576K
}
Event: 7311.203 GC heap before
{Heap before GC invocations=2300 (full 4):
 PSYoungGen      total 9216K, used 9024K [0x00000000d5580000, 0x00000000d6380000, 0x0000000100000000)
  eden space 8704K, 100% used [0x00000000d5580000,0x00000000d5e00000,0x00000000d5e00000)
  from space 512K, 62% used [0x00000000d6280000,0x00000000d62d0000,0x00000000d6300000)
  to   space 512K, 0% used [0x00000000d6300000,0x00000000d6300000,0x00000000d6380000)
 ParOldGen       total 1177088K, used 571386K [0x0000000080000000, 0x00000000c7d80000, 0x00000000d5580000)
  object space 1177088K, 48% used [0x0000000080000000,0x00000000a2dfe988,0x00000000c7d80000)
 Metaspace       used 99541K, committed 101632K, reserved 1179648K
  class space    used 11837K, committed 12800K, reserved 1048576K
}
Event: 7311.208 GC heap after
{Heap after GC invocations=2300 (full 4):
 PSYoungGen      total 9216K, used 192K [0x00000000d5580000, 0x00000000d6380000, 0x0000000100000000)
  eden space 8704K, 0% used [0x00000000d5580000,0x00000000d5580000,0x00000000d5e00000)
  from space 512K, 37% used [0x00000000d6300000,0x00000000d6330000,0x00000000d6380000)
  to   space 512K, 0% used [0x00000000d6280000,0x00000000d6280000,0x00000000d6300000)
 ParOldGen       total 1177088K, used 571458K [0x0000000080000000, 0x00000000c7d80000, 0x00000000d5580000)
  object space 1177088K, 48% used [0x0000000080000000,0x00000000a2e10988,0x00000000c7d80000)
 Metaspace       used 99541K, committed 101632K, reserved 1179648K
  class space    used 11837K, committed 12800K, reserved 1048576K
}
Event: 16511.191 GC heap before
{Heap before GC invocations=2301 (full 4):
 PSYoungGen      total 9216K, used 8896K [0x00000000d5580000, 0x00000000d6380000, 0x0000000100000000)
  eden space 8704K, 100% used [0x00000000d5580000,0x00000000d5e00000,0x00000000d5e00000)
  from space 512K, 37% used [0x00000000d6300000,0x00000000d6330000,0x00000000d6380000)
  to   space 512K, 0% used [0x00000000d6280000,0x00000000d6280000,0x00000000d6300000)
 ParOldGen       total 1177088K, used 571458K [0x0000000080000000, 0x00000000c7d80000, 0x00000000d5580000)
  object space 1177088K, 48% used [0x0000000080000000,0x00000000a2e10988,0x00000000c7d80000)
 Metaspace       used 99570K, committed 101632K, reserved 1179648K
  class space    used 11837K, committed 12800K, reserved 1048576K
}
Event: 16511.206 GC heap after
{Heap after GC invocations=2301 (full 4):
 PSYoungGen      total 9216K, used 320K [0x00000000d5580000, 0x00000000d6380000, 0x0000000100000000)
  eden space 8704K, 0% used [0x00000000d5580000,0x00000000d5580000,0x00000000d5e00000)
  from space 512K, 62% used [0x00000000d6280000,0x00000000d62d0010,0x00000000d6300000)
  to   space 512K, 0% used [0x00000000d6300000,0x00000000d6300000,0x00000000d6380000)
 ParOldGen       total 1177088K, used 571506K [0x0000000080000000, 0x00000000c7d80000, 0x00000000d5580000)
  object space 1177088K, 48% used [0x0000000080000000,0x00000000a2e1c988,0x00000000c7d80000)
 Metaspace       used 99570K, committed 101632K, reserved 1179648K
  class space    used 11837K, committed 12800K, reserved 1048576K
}
Event: 21011.395 GC heap before
{Heap before GC invocations=2302 (full 4):
 PSYoungGen      total 9216K, used 8994K [0x00000000d5580000, 0x00000000d6380000, 0x0000000100000000)
  eden space 8704K, 99% used [0x00000000d5580000,0x00000000d5df8828,0x00000000d5e00000)
  from space 512K, 62% used [0x00000000d6280000,0x00000000d62d0010,0x00000000d6300000)
  to   space 512K, 0% used [0x00000000d6300000,0x00000000d6300000,0x00000000d6380000)
 ParOldGen       total 1177088K, used 571506K [0x0000000080000000, 0x00000000c7d80000, 0x00000000d5580000)
  object space 1177088K, 48% used [0x0000000080000000,0x00000000a2e1c988,0x00000000c7d80000)
 Metaspace       used 99584K, committed 101696K, reserved 1179648K
  class space    used 11838K, committed 12800K, reserved 1048576K
}
Event: 21011.412 GC heap after
{Heap after GC invocations=2302 (full 4):
 PSYoungGen      total 9216K, used 320K [0x00000000d5580000, 0x00000000d6380000, 0x0000000100000000)
  eden space 8704K, 0% used [0x00000000d5580000,0x00000000d5580000,0x00000000d5e00000)
  from space 512K, 62% used [0x00000000d6300000,0x00000000d6350000,0x00000000d6380000)
  to   space 512K, 0% used [0x00000000d6280000,0x00000000d6280000,0x00000000d6300000)
 ParOldGen       total 1177088K, used 571514K [0x0000000080000000, 0x00000000c7d80000, 0x00000000d5580000)
  object space 1177088K, 48% used [0x0000000080000000,0x00000000a2e1e988,0x00000000c7d80000)
 Metaspace       used 99584K, committed 101696K, reserved 1179648K
  class space    used 11838K, committed 12800K, reserved 1048576K
}
Event: 25511.603 GC heap before
{Heap before GC invocations=2303 (full 4):
 PSYoungGen      total 9216K, used 9024K [0x00000000d5580000, 0x00000000d6380000, 0x0000000100000000)
  eden space 8704K, 100% used [0x00000000d5580000,0x00000000d5e00000,0x00000000d5e00000)
  from space 512K, 62% used [0x00000000d6300000,0x00000000d6350000,0x00000000d6380000)
  to   space 512K, 0% used [0x00000000d6280000,0x00000000d6280000,0x00000000d6300000)
 ParOldGen       total 1177088K, used 571514K [0x0000000080000000, 0x00000000c7d80000, 0x00000000d5580000)
  object space 1177088K, 48% used [0x0000000080000000,0x00000000a2e1e988,0x00000000c7d80000)
 Metaspace       used 99599K, committed 101696K, reserved 1179648K
  class space    used 11840K, committed 12800K, reserved 1048576K
}
Event: 25511.619 GC heap after
{Heap after GC invocations=2303 (full 4):
 PSYoungGen      total 9216K, used 480K [0x00000000d5580000, 0x00000000d6380000, 0x0000000100000000)
  eden space 8704K, 0% used [0x00000000d5580000,0x00000000d5580000,0x00000000d5e00000)
  from space 512K, 93% used [0x00000000d6280000,0x00000000d62f8010,0x00000000d6300000)
  to   space 512K, 0% used [0x00000000d6300000,0x00000000d6300000,0x00000000d6380000)
 ParOldGen       total 1177088K, used 571554K [0x0000000080000000, 0x00000000c7d80000, 0x00000000d5580000)
  object space 1177088K, 48% used [0x0000000080000000,0x00000000a2e28988,0x00000000c7d80000)
 Metaspace       used 99599K, committed 101696K, reserved 1179648K
  class space    used 11840K, committed 12800K, reserved 1048576K
}
Event: 28323.804 GC heap before
{Heap before GC invocations=2304 (full 4):
 PSYoungGen      total 9216K, used 9184K [0x00000000d5580000, 0x00000000d6380000, 0x0000000100000000)
  eden space 8704K, 100% used [0x00000000d5580000,0x00000000d5e00000,0x00000000d5e00000)
  from space 512K, 93% used [0x00000000d6280000,0x00000000d62f8010,0x00000000d6300000)
  to   space 512K, 0% used [0x00000000d6300000,0x00000000d6300000,0x00000000d6380000)
 ParOldGen       total 1177088K, used 571554K [0x0000000080000000, 0x00000000c7d80000, 0x00000000d5580000)
  object space 1177088K, 48% used [0x0000000080000000,0x00000000a2e28988,0x00000000c7d80000)
 Metaspace       used 99610K, committed 101696K, reserved 1179648K
  class space    used 11840K, committed 12800K, reserved 1048576K
}
Event: 28323.820 GC heap after
{Heap after GC invocations=2304 (full 4):
 PSYoungGen      total 9216K, used 224K [0x00000000d5580000, 0x00000000d6380000, 0x0000000100000000)
  eden space 8704K, 0% used [0x00000000d5580000,0x00000000d5580000,0x00000000d5e00000)
  from space 512K, 43% used [0x00000000d6300000,0x00000000d6338000,0x00000000d6380000)
  to   space 512K, 0% used [0x00000000d6280000,0x00000000d6280000,0x00000000d6300000)
 ParOldGen       total 1177088K, used 571586K [0x0000000080000000, 0x00000000c7d80000, 0x00000000d5580000)
  object space 1177088K, 48% used [0x0000000080000000,0x00000000a2e30988,0x00000000c7d80000)
 Metaspace       used 99610K, committed 101696K, reserved 1179648K
  class space    used 11840K, committed 12800K, reserved 1048576K
}
Event: 30647.924 GC heap before
{Heap before GC invocations=2305 (full 4):
 PSYoungGen      total 9216K, used 8928K [0x00000000d5580000, 0x00000000d6380000, 0x0000000100000000)
  eden space 8704K, 100% used [0x00000000d5580000,0x00000000d5e00000,0x00000000d5e00000)
  from space 512K, 43% used [0x00000000d6300000,0x00000000d6338000,0x00000000d6380000)
  to   space 512K, 0% used [0x00000000d6280000,0x00000000d6280000,0x00000000d6300000)
 ParOldGen       total 1177088K, used 571586K [0x0000000080000000, 0x00000000c7d80000, 0x00000000d5580000)
  object space 1177088K, 48% used [0x0000000080000000,0x00000000a2e30988,0x00000000c7d80000)
 Metaspace       used 99629K, committed 101760K, reserved 1179648K
  class space    used 11840K, committed 12800K, reserved 1048576K
}
Event: 30647.940 GC heap after
{Heap after GC invocations=2305 (full 4):
 PSYoungGen      total 9216K, used 192K [0x00000000d5580000, 0x00000000d6380000, 0x0000000100000000)
  eden space 8704K, 0% used [0x00000000d5580000,0x00000000d5580000,0x00000000d5e00000)
  from space 512K, 37% used [0x00000000d6280000,0x00000000d62b0000,0x00000000d6300000)
  to   space 512K, 0% used [0x00000000d6300000,0x00000000d6300000,0x00000000d6380000)
 ParOldGen       total 1177088K, used 571594K [0x0000000080000000, 0x00000000c7d80000, 0x00000000d5580000)
  object space 1177088K, 48% used [0x0000000080000000,0x00000000a2e32988,0x00000000c7d80000)
 Metaspace       used 99629K, committed 101760K, reserved 1179648K
  class space    used 11840K, committed 12800K, reserved 1048576K
}
Event: 32747.936 GC heap before
{Heap before GC invocations=2306 (full 4):
 PSYoungGen      total 9216K, used 8896K [0x00000000d5580000, 0x00000000d6380000, 0x0000000100000000)
  eden space 8704K, 100% used [0x00000000d5580000,0x00000000d5e00000,0x00000000d5e00000)
  from space 512K, 37% used [0x00000000d6280000,0x00000000d62b0000,0x00000000d6300000)
  to   space 512K, 0% used [0x00000000d6300000,0x00000000d6300000,0x00000000d6380000)
 ParOldGen       total 1177088K, used 571594K [0x0000000080000000, 0x00000000c7d80000, 0x00000000d5580000)
  object space 1177088K, 48% used [0x0000000080000000,0x00000000a2e32988,0x00000000c7d80000)
 Metaspace       used 99644K, committed 101760K, reserved 1179648K
  class space    used 11840K, committed 12800K, reserved 1048576K
}
Event: 32747.940 GC heap after
{Heap after GC invocations=2306 (full 4):
 PSYoungGen      total 9216K, used 192K [0x00000000d5580000, 0x00000000d6380000, 0x0000000100000000)
  eden space 8704K, 0% used [0x00000000d5580000,0x00000000d5580000,0x00000000d5e00000)
  from space 512K, 37% used [0x00000000d6300000,0x00000000d6330000,0x00000000d6380000)
  to   space 512K, 0% used [0x00000000d6280000,0x00000000d6280000,0x00000000d6300000)
 ParOldGen       total 1177088K, used 571610K [0x0000000080000000, 0x00000000c7d80000, 0x00000000d5580000)
  object space 1177088K, 48% used [0x0000000080000000,0x00000000a2e36988,0x00000000c7d80000)
 Metaspace       used 99644K, committed 101760K, reserved 1179648K
  class space    used 11840K, committed 12800K, reserved 1048576K
}
Event: 36187.807 GC heap before
{Heap before GC invocations=2307 (full 4):
 PSYoungGen      total 9216K, used 8896K [0x00000000d5580000, 0x00000000d6380000, 0x0000000100000000)
  eden space 8704K, 100% used [0x00000000d5580000,0x00000000d5e00000,0x00000000d5e00000)
  from space 512K, 37% used [0x00000000d6300000,0x00000000d6330000,0x00000000d6380000)
  to   space 512K, 0% used [0x00000000d6280000,0x00000000d6280000,0x00000000d6300000)
 ParOldGen       total 1177088K, used 571610K [0x0000000080000000, 0x00000000c7d80000, 0x00000000d5580000)
  object space 1177088K, 48% used [0x0000000080000000,0x00000000a2e36988,0x00000000c7d80000)
 Metaspace       used 99645K, committed 101760K, reserved 1179648K
  class space    used 11840K, committed 12800K, reserved 1048576K
}
Event: 36187.823 GC heap after
{Heap after GC invocations=2307 (full 4):
 PSYoungGen      total 9216K, used 192K [0x00000000d5580000, 0x00000000d6380000, 0x0000000100000000)
  eden space 8704K, 0% used [0x00000000d5580000,0x00000000d5580000,0x00000000d5e00000)
  from space 512K, 37% used [0x00000000d6280000,0x00000000d62b0000,0x00000000d6300000)
  to   space 512K, 0% used [0x00000000d6300000,0x00000000d6300000,0x00000000d6380000)
 ParOldGen       total 1177088K, used 571642K [0x0000000080000000, 0x00000000c7d80000, 0x00000000d5580000)
  object space 1177088K, 48% used [0x0000000080000000,0x00000000a2e3e988,0x00000000c7d80000)
 Metaspace       used 99645K, committed 101760K, reserved 1179648K
  class space    used 11840K, committed 12800K, reserved 1048576K
}

